TI ARM Assembler PC v16.9.4 Sat Nov 18 18:46:20 2017

Tools Copyright (c) 1996-2017 Texas Instruments Incorporated
C:\Users\Kevin\AppData\Local\Temp\{63F35C7A-D48D-4DC7-A9DA-5DC1F9F797CB} PAGE    1

       1                    ;******************************************************************************
       2                    ;* TI ARM C/C++ Codegen                                        PC v16.9.4.LTS *
       3                    ;* Date/Time created: Sat Nov 18 18:46:20 2017                                *
       4                    ;******************************************************************************
       5                            .compiler_opts --abi=eabi --arm_vmrs_si_workaround=off --code_state=16 --diag_wrap=off --embed
       6 00000000                   .thumb
       7                    
       8                    $C$DW$CU        .dwtag  DW_TAG_compile_unit
       9                            .dwattr $C$DW$CU, DW_AT_name("../Application/MAC/HAL/common/hal_appasrt.c")
      10                            .dwattr $C$DW$CU, DW_AT_producer("TI TI ARM C/C++ Codegen PC v16.9.4.LTS Copyright (c) 1996-20
      11                            .dwattr $C$DW$CU, DW_AT_TI_version(0x01)
      12                            .dwattr $C$DW$CU, DW_AT_comp_dir("C:\Users\Kevin\workspace_v7\sensor_cc1310lp\sensor_cc1310lp"
      13 00000000                   .data
      14                            .align  4
      15                            .elfsym pAssrtFunc,SYM_SIZE(4)
      16 00000000           pAssrtFunc:
      17 00000000 00000000          .bits   0,32                    ; pAssrtFunc @ 0
      18                    
      19                    $C$DW$1 .dwtag  DW_TAG_variable
      20                            .dwattr $C$DW$1, DW_AT_name("pAssrtFunc")
      21                            .dwattr $C$DW$1, DW_AT_TI_symbol_name("pAssrtFunc")
      22                            .dwattr $C$DW$1, DW_AT_type(*$C$DW$T$27)
      23                            .dwattr $C$DW$1, DW_AT_location[DW_OP_addr pAssrtFunc]
      24                            .dwattr $C$DW$1, DW_AT_decl_file("../Application/MAC/HAL/common/hal_appasrt.c")
      25                            .dwattr $C$DW$1, DW_AT_decl_line(0x3a)
      26                            .dwattr $C$DW$1, DW_AT_decl_column(0x27)
      27                    
      28                    ;       C:\ti\ccsv7\tools\compiler\ti-cgt-arm_16.9.4.LTS\bin\armopt.exe C:/Users/Kevin/workspace_v7/se
      29 00000000                   .sect   ".text:HAL_APPASRT_register"
      30                            .clink
      31                            .thumbfunc HAL_APPASRT_register
      32 00000000                   .thumb
      33                            .global HAL_APPASRT_register
      34                    
      35                    $C$DW$2 .dwtag  DW_TAG_subprogram
      36                            .dwattr $C$DW$2, DW_AT_name("HAL_APPASRT_register")
      37                            .dwattr $C$DW$2, DW_AT_low_pc(HAL_APPASRT_register)
      38                            .dwattr $C$DW$2, DW_AT_high_pc(0x00)
      39                            .dwattr $C$DW$2, DW_AT_TI_symbol_name("HAL_APPASRT_register")
      40                            .dwattr $C$DW$2, DW_AT_external
      41                            .dwattr $C$DW$2, DW_AT_type(*$C$DW$T$30)
      42                            .dwattr $C$DW$2, DW_AT_TI_begin_file("../Application/MAC/HAL/common/hal_appasrt.c")
      43                            .dwattr $C$DW$2, DW_AT_TI_begin_line(0x43)
      44                            .dwattr $C$DW$2, DW_AT_TI_begin_column(0x09)
      45                            .dwattr $C$DW$2, DW_AT_decl_file("../Application/MAC/HAL/common/hal_appasrt.c")
      46                            .dwattr $C$DW$2, DW_AT_decl_line(0x43)
      47                            .dwattr $C$DW$2, DW_AT_decl_column(0x09)
      48                            .dwattr $C$DW$2, DW_AT_TI_max_frame_size(0x00)
      49                            .dwpsn  file "../Application/MAC/HAL/common/hal_appasrt.c",line 68,column 1,is_stmt,address HA
      50                    
      51                            .dwfde $C$DW$CIE, HAL_APPASRT_register
      52                    $C$DW$3 .dwtag  DW_TAG_formal_parameter
      53                            .dwattr $C$DW$3, DW_AT_name("pFptr")
      54                            .dwattr $C$DW$3, DW_AT_TI_symbol_name("pFptr")
      55                            .dwattr $C$DW$3, DW_AT_type(*$C$DW$T$27)
TI ARM Assembler PC v16.9.4 Sat Nov 18 18:46:20 2017

Tools Copyright (c) 1996-2017 Texas Instruments Incorporated
C:\Users\Kevin\AppData\Local\Temp\{63F35C7A-D48D-4DC7-A9DA-5DC1F9F797CB} PAGE    2

      56                            .dwattr $C$DW$3, DW_AT_location[DW_OP_reg0]
      57                    
      58                    
      59                    ;*****************************************************************************
      60                    ;* FUNCTION NAME: HAL_APPASRT_register                                       *
      61                    ;*                                                                           *
      62                    ;*   Regs Modified     : A1,A2,SR                                            *
      63                    ;*   Regs Used         : A1,A2,LR,SR                                         *
      64                    ;*   Local Frame Size  : 0 Args + 0 Auto + 0 Save = 0 byte                   *
      65                    ;*****************************************************************************
      66                    HAL_APPASRT_register:
      67                    ;* --------------------------------------------------------------------------*
      68                    ;* A1    assigned to pFptr
      69                    $C$DW$4 .dwtag  DW_TAG_variable
      70                            .dwattr $C$DW$4, DW_AT_name("pFptr")
      71                            .dwattr $C$DW$4, DW_AT_TI_symbol_name("pFptr")
      72                            .dwattr $C$DW$4, DW_AT_type(*$C$DW$T$62)
      73                            .dwattr $C$DW$4, DW_AT_location[DW_OP_reg0]
      74                    
      75                    ;* A1    assigned to status
      76                    $C$DW$5 .dwtag  DW_TAG_variable
      77                            .dwattr $C$DW$5, DW_AT_name("status")
      78                            .dwattr $C$DW$5, DW_AT_TI_symbol_name("status")
      79                            .dwattr $C$DW$5, DW_AT_type(*$C$DW$T$10)
      80                            .dwattr $C$DW$5, DW_AT_location[DW_OP_reg0]
      81                    
      82                            .dwcfi  cfa_offset, 0
      83                            .dwpsn  file "../Application/MAC/HAL/common/hal_appasrt.c",line 72,column 3,is_stmt,isa 1
      84 00000000 4904              LDR       A2, $C$CON1           ; [DPU_3_PIPE] |72|  ; [ORIG 16-BIT INS]
      85 00000002 6008              STR       A1, [A2, #0]          ; [DPU_3_PIPE] |72|  ; [ORIG 16-BIT INS]
      86 00000004 B120              CBZ       A1, ||$C$L1||         ; []  ; [ORIG 16-BIT INS]
      87                            .dwpsn  file "../Application/MAC/HAL/common/hal_appasrt.c",line 75,column 3,is_stmt,isa 1
      88                            ; BRANCHCC OCCURS {||$C$L1||}    ; [] |75| 
      89                    ;* --------------------------------------------------------------------------*
      90 00000006 6800              LDR       A1, [A1, #0]          ; [DPU_3_PIPE] |75|  ; [ORIG 16-BIT INS]
      91 00000008 2800              CMP       A1, #0                ; [DPU_3_PIPE] |75|  ; [ORIG 16-BIT INS]
      92 0000000a BF18              IT        NE                    ; [DPU_3_PIPE]  ; [ORIG 16-BIT INS]
      93                            .dwpsn  file "../Application/MAC/HAL/common/hal_appasrt.c",line 77,column 5,is_stmt,isa 1
      94 0000000c 2000              MOVNE     A1, #0                ; [DPU_3_PIPE] |77|  ; [ORIG 16-BIT INS]
      95                            .dwpsn  file "../Application/MAC/HAL/common/hal_appasrt.c",line 78,column 3,is_stmt,isa 1
      96 0000000e D100              BNE       ||$C$L2||             ; [DPU_3_PIPE] |78|  ; [ORIG 16-BIT INS]
      97                            ; BRANCHCC OCCURS {||$C$L2||}    ; [] |78| 
      98                    ;* --------------------------------------------------------------------------*
      99 00000010           ||$C$L1||:    
     100                            .dwpsn  file "../Application/MAC/HAL/common/hal_appasrt.c",line 81,column 5,is_stmt,isa 1
     101 00000010 2001              MOVS      A1, #1                ; [DPU_3_PIPE] |81|  ; [ORIG 16-BIT INS]
     102                    ;* --------------------------------------------------------------------------*
     103                    ||$C$L2||:    
     104                    $C$DW$6 .dwtag  DW_TAG_TI_branch
     105                            .dwattr $C$DW$6, DW_AT_low_pc(0x00)
     106                            .dwattr $C$DW$6, DW_AT_TI_return
     107                    
     108 00000012 4770              BX        LR                    ; [DPU_3_PIPE]  ; [ORIG 16-BIT INS]
     109                            ; BRANCH OCCURS                  ; [] 
     110                            .dwattr $C$DW$2, DW_AT_TI_end_file("../Application/MAC/HAL/common/hal_appasrt.c")
TI ARM Assembler PC v16.9.4 Sat Nov 18 18:46:20 2017

Tools Copyright (c) 1996-2017 Texas Instruments Incorporated
C:\Users\Kevin\AppData\Local\Temp\{63F35C7A-D48D-4DC7-A9DA-5DC1F9F797CB} PAGE    3

     111                            .dwattr $C$DW$2, DW_AT_TI_end_line(0x55)
     112                            .dwattr $C$DW$2, DW_AT_TI_end_column(0x01)
     113                            .dwendentry
     114                            .dwendtag $C$DW$2
     115                    
     116 00000000                   .sect   ".text:HAL_APPASRT_callAssrtHanlder"
     117                            .clink
     118                            .thumbfunc HAL_APPASRT_callAssrtHanlder
     119 00000000                   .thumb
     120                            .global HAL_APPASRT_callAssrtHanlder
     121                    
     122                    $C$DW$7 .dwtag  DW_TAG_subprogram
     123                            .dwattr $C$DW$7, DW_AT_name("HAL_APPASRT_callAssrtHanlder")
     124                            .dwattr $C$DW$7, DW_AT_low_pc(HAL_APPASRT_callAssrtHanlder)
     125                            .dwattr $C$DW$7, DW_AT_high_pc(0x00)
     126                            .dwattr $C$DW$7, DW_AT_TI_symbol_name("HAL_APPASRT_callAssrtHanlder")
     127                            .dwattr $C$DW$7, DW_AT_external
     128                            .dwattr $C$DW$7, DW_AT_TI_begin_file("../Application/MAC/HAL/common/hal_appasrt.c")
     129                            .dwattr $C$DW$7, DW_AT_TI_begin_line(0x5a)
     130                            .dwattr $C$DW$7, DW_AT_TI_begin_column(0x06)
     131                            .dwattr $C$DW$7, DW_AT_decl_file("../Application/MAC/HAL/common/hal_appasrt.c")
     132                            .dwattr $C$DW$7, DW_AT_decl_line(0x5a)
     133                            .dwattr $C$DW$7, DW_AT_decl_column(0x06)
     134                            .dwattr $C$DW$7, DW_AT_TI_max_frame_size(0x08)
     135                            .dwpsn  file "../Application/MAC/HAL/common/hal_appasrt.c",line 91,column 1,is_stmt,address HA
     136                    
     137                            .dwfde $C$DW$CIE, HAL_APPASRT_callAssrtHanlder
     138                    
     139                    ;*****************************************************************************
     140                    ;* FUNCTION NAME: HAL_APPASRT_callAssrtHanlder                               *
     141                    ;*                                                                           *
     142                    ;*   Regs Modified     : A1,A2,A3,A4,V9,SP,LR,SR                             *
     143                    ;*   Regs Used         : A1,A2,A3,A4,V9,SP,LR,SR                             *
     144                    ;*   Local Frame Size  : 0 Args + 0 Auto + 4 Save = 4 byte                   *
     145                    ;*****************************************************************************
     146 00000000           HAL_APPASRT_callAssrtHanlder:
     147                    ;* --------------------------------------------------------------------------*
     148                            .dwcfi  cfa_offset, 0
     149                            .dwpsn  file "../Application/MAC/HAL/common/hal_appasrt.c",line 92,column 3,is_stmt,isa 1
     150 00000000 4802              LDR       A1, $C$CON3           ; [DPU_3_PIPE] |92|  ; [ORIG 16-BIT INS]
     151 00000002 B508              PUSH      {A4, LR}              ; [DPU_3_PIPE]  ; [ORIG 16-BIT INS]
     152                            .dwcfi  cfa_offset, 8
     153                            .dwcfi  save_reg_to_mem, 14, -4
     154                            .dwcfi  save_reg_to_mem, 3, -8
     155 00000004 6800              LDR       A1, [A1, #0]          ; [DPU_3_PIPE] |92|  ; [ORIG 16-BIT INS]
     156 00000006 6800              LDR       A1, [A1, #0]          ; [DPU_3_PIPE] |92|  ; [ORIG 16-BIT INS]
     157                    $C$DW$8 .dwtag  DW_TAG_TI_branch
     158                            .dwattr $C$DW$8, DW_AT_low_pc(0x00)
     159                            .dwattr $C$DW$8, DW_AT_TI_call
     160                            .dwattr $C$DW$8, DW_AT_TI_indirect
     161                    
     162 00000008 4780              BLX       A1                    ; [DPU_3_PIPE] |92|  ; [ORIG 16-BIT INS]
     163                            ; CALL OCCURS {}                 ; [] |92| 
     164                    $C$DW$9 .dwtag  DW_TAG_TI_branch
     165                            .dwattr $C$DW$9, DW_AT_low_pc(0x00)
TI ARM Assembler PC v16.9.4 Sat Nov 18 18:46:20 2017

Tools Copyright (c) 1996-2017 Texas Instruments Incorporated
C:\Users\Kevin\AppData\Local\Temp\{63F35C7A-D48D-4DC7-A9DA-5DC1F9F797CB} PAGE    4

     166                            .dwattr $C$DW$9, DW_AT_TI_return
     167                    
     168 0000000a BD08              POP       {A4, PC}              ; [DPU_3_PIPE]  ; [ORIG 16-BIT INS]
     169                            .dwcfi  cfa_offset, 0
     170                            ; BRANCH OCCURS                  ; [] 
     171                            .dwattr $C$DW$7, DW_AT_TI_end_file("../Application/MAC/HAL/common/hal_appasrt.c")
     172                            .dwattr $C$DW$7, DW_AT_TI_end_line(0x5d)
     173                            .dwattr $C$DW$7, DW_AT_TI_end_column(0x01)
     174                            .dwendentry
     175                            .dwendtag $C$DW$7
     176                    
     177                    ;******************************************************************************
     178                    ;* CONSTANT TABLE                                                             *
     179                    ;******************************************************************************
     180 00000014                   .sect   ".text:HAL_APPASRT_register"
     181                            .align  4
     182 00000014 00000000! ||$C$CON1||:    .bits   pAssrtFunc,32
     183                    ;******************************************************************************
     184                    ;* CONSTANT TABLE                                                             *
     185                    ;******************************************************************************
     186 0000000c                   .sect   ".text:HAL_APPASRT_callAssrtHanlder"
     187                            .align  4
     188 0000000c 00000000! ||$C$CON3||:    .bits   pAssrtFunc,32
     189                    
     190                    ;******************************************************************************
     191                    ;* BUILD ATTRIBUTES                                                           *
     192                    ;******************************************************************************
     193                            .battr "aeabi", Tag_File, 1, Tag_ABI_PCS_wchar_t(2)
     194                            .battr "aeabi", Tag_File, 1, Tag_ABI_FP_rounding(0)
     195                            .battr "aeabi", Tag_File, 1, Tag_ABI_FP_denormal(0)
     196                            .battr "aeabi", Tag_File, 1, Tag_ABI_FP_exceptions(0)
     197                            .battr "aeabi", Tag_File, 1, Tag_ABI_FP_number_model(1)
     198                            .battr "aeabi", Tag_File, 1, Tag_ABI_enum_size(0)
     199                            .battr "aeabi", Tag_File, 1, Tag_ABI_optimization_goals(0)
     200                            .battr "aeabi", Tag_File, 1, Tag_ABI_FP_optimization_goals(0)
     201                            .battr "TI", Tag_File, 1, Tag_Bitfield_layout(2)
     202                            .battr "aeabi", Tag_File, 1, Tag_ABI_VFP_args(3)
     203                            .battr "TI", Tag_File, 1, Tag_FP_interface(1)
     204                    
     205                    ;******************************************************************************
     206                    ;* TYPE INFORMATION                                                           *
     207                    ;******************************************************************************
     208                    $C$DW$T$2       .dwtag  DW_TAG_unspecified_type
     209                            .dwattr $C$DW$T$2, DW_AT_name("void")
     210                    
     211                    
     212                    $C$DW$T$19      .dwtag  DW_TAG_subroutine_type
     213                            .dwattr $C$DW$T$19, DW_AT_language(DW_LANG_C)
     214                            .dwendtag $C$DW$T$19
     215                    
     216                    $C$DW$T$20      .dwtag  DW_TAG_pointer_type
     217                            .dwattr $C$DW$T$20, DW_AT_type(*$C$DW$T$19)
     218                            .dwattr $C$DW$T$20, DW_AT_address_class(0x20)
     219                    
     220                    $C$DW$T$21      .dwtag  DW_TAG_typedef
TI ARM Assembler PC v16.9.4 Sat Nov 18 18:46:20 2017

Tools Copyright (c) 1996-2017 Texas Instruments Incorporated
C:\Users\Kevin\AppData\Local\Temp\{63F35C7A-D48D-4DC7-A9DA-5DC1F9F797CB} PAGE    5

     221                            .dwattr $C$DW$T$21, DW_AT_name("APPASRTINTF_callAssrtHndler")
     222                            .dwattr $C$DW$T$21, DW_AT_type(*$C$DW$T$20)
     223                            .dwattr $C$DW$T$21, DW_AT_language(DW_LANG_C)
     224                            .dwattr $C$DW$T$21, DW_AT_decl_file("C:/ti/simplelink_cc13x0_sdk_1_50_00_08/source/ti/ti154sta
     225                            .dwattr $C$DW$T$21, DW_AT_decl_line(0x43)
     226                            .dwattr $C$DW$T$21, DW_AT_decl_column(0x10)
     227                    
     228                    $C$DW$T$4       .dwtag  DW_TAG_base_type
     229                            .dwattr $C$DW$T$4, DW_AT_encoding(DW_ATE_boolean)
     230                            .dwattr $C$DW$T$4, DW_AT_name("bool")
     231                            .dwattr $C$DW$T$4, DW_AT_byte_size(0x01)
     232                    
     233                    $C$DW$T$5       .dwtag  DW_TAG_base_type
     234                            .dwattr $C$DW$T$5, DW_AT_encoding(DW_ATE_signed_char)
     235                            .dwattr $C$DW$T$5, DW_AT_name("signed char")
     236                            .dwattr $C$DW$T$5, DW_AT_byte_size(0x01)
     237                    
     238                    $C$DW$T$23      .dwtag  DW_TAG_typedef
     239                            .dwattr $C$DW$T$23, DW_AT_name("int8")
     240                            .dwattr $C$DW$T$23, DW_AT_type(*$C$DW$T$5)
     241                            .dwattr $C$DW$T$23, DW_AT_language(DW_LANG_C)
     242                            .dwattr $C$DW$T$23, DW_AT_decl_file("C:\ti\simplelink_cc13x0_sdk_1_50_00_08\source\ti\ti154sta
     243                            .dwattr $C$DW$T$23, DW_AT_decl_line(0x38)
     244                            .dwattr $C$DW$T$23, DW_AT_decl_column(0x19)
     245                    
     246                    $C$DW$T$24      .dwtag  DW_TAG_typedef
     247                            .dwattr $C$DW$T$24, DW_AT_name("int8_t")
     248                            .dwattr $C$DW$T$24, DW_AT_type(*$C$DW$T$5)
     249                            .dwattr $C$DW$T$24, DW_AT_language(DW_LANG_C)
     250                            .dwattr $C$DW$T$24, DW_AT_decl_file("C:/ti/ccsv7/tools/compiler/ti-cgt-arm_16.9.4.LTS/include/
     251                            .dwattr $C$DW$T$24, DW_AT_decl_line(0x2a)
     252                            .dwattr $C$DW$T$24, DW_AT_decl_column(0x1d)
     253                    
     254                    $C$DW$T$25      .dwtag  DW_TAG_typedef
     255                            .dwattr $C$DW$T$25, DW_AT_name("int_least8_t")
     256                            .dwattr $C$DW$T$25, DW_AT_type(*$C$DW$T$24)
     257                            .dwattr $C$DW$T$25, DW_AT_language(DW_LANG_C)
     258                            .dwattr $C$DW$T$25, DW_AT_decl_file("C:/ti/ccsv7/tools/compiler/ti-cgt-arm_16.9.4.LTS/include/
     259                            .dwattr $C$DW$T$25, DW_AT_decl_line(0x37)
     260                            .dwattr $C$DW$T$25, DW_AT_decl_column(0x17)
     261                    
     262                    $C$DW$T$6       .dwtag  DW_TAG_base_type
     263                            .dwattr $C$DW$T$6, DW_AT_encoding(DW_ATE_unsigned_char)
     264                            .dwattr $C$DW$T$6, DW_AT_name("unsigned char")
     265                            .dwattr $C$DW$T$6, DW_AT_byte_size(0x01)
     266                    
     267                    $C$DW$T$29      .dwtag  DW_TAG_typedef
     268                            .dwattr $C$DW$T$29, DW_AT_name("uint8")
     269                            .dwattr $C$DW$T$29, DW_AT_type(*$C$DW$T$6)
     270                            .dwattr $C$DW$T$29, DW_AT_language(DW_LANG_C)
     271                            .dwattr $C$DW$T$29, DW_AT_decl_file("C:\ti\simplelink_cc13x0_sdk_1_50_00_08\source\ti\ti154sta
     272                            .dwattr $C$DW$T$29, DW_AT_decl_line(0x39)
     273                            .dwattr $C$DW$T$29, DW_AT_decl_column(0x19)
     274                    
     275                    $C$DW$T$30      .dwtag  DW_TAG_typedef
TI ARM Assembler PC v16.9.4 Sat Nov 18 18:46:20 2017

Tools Copyright (c) 1996-2017 Texas Instruments Incorporated
C:\Users\Kevin\AppData\Local\Temp\{63F35C7A-D48D-4DC7-A9DA-5DC1F9F797CB} PAGE    6

     276                            .dwattr $C$DW$T$30, DW_AT_name("uint8_t")
     277                            .dwattr $C$DW$T$30, DW_AT_type(*$C$DW$T$6)
     278                            .dwattr $C$DW$T$30, DW_AT_language(DW_LANG_C)
     279                            .dwattr $C$DW$T$30, DW_AT_decl_file("C:/ti/ccsv7/tools/compiler/ti-cgt-arm_16.9.4.LTS/include/
     280                            .dwattr $C$DW$T$30, DW_AT_decl_line(0x2b)
     281                            .dwattr $C$DW$T$30, DW_AT_decl_column(0x1c)
     282                    
     283                    $C$DW$T$32      .dwtag  DW_TAG_typedef
     284                            .dwattr $C$DW$T$32, DW_AT_name("uint_least8_t")
     285                            .dwattr $C$DW$T$32, DW_AT_type(*$C$DW$T$30)
     286                            .dwattr $C$DW$T$32, DW_AT_language(DW_LANG_C)
     287                            .dwattr $C$DW$T$32, DW_AT_decl_file("C:/ti/ccsv7/tools/compiler/ti-cgt-arm_16.9.4.LTS/include/
     288                            .dwattr $C$DW$T$32, DW_AT_decl_line(0x38)
     289                            .dwattr $C$DW$T$32, DW_AT_decl_column(0x16)
     290                    
     291                    $C$DW$T$7       .dwtag  DW_TAG_base_type
     292                            .dwattr $C$DW$T$7, DW_AT_encoding(DW_ATE_signed_char)
     293                            .dwattr $C$DW$T$7, DW_AT_name("wchar_t")
     294                            .dwattr $C$DW$T$7, DW_AT_byte_size(0x02)
     295                    
     296                    $C$DW$T$8       .dwtag  DW_TAG_base_type
     297                            .dwattr $C$DW$T$8, DW_AT_encoding(DW_ATE_signed)
     298                            .dwattr $C$DW$T$8, DW_AT_name("short")
     299                            .dwattr $C$DW$T$8, DW_AT_byte_size(0x02)
     300                    
     301                    $C$DW$T$33      .dwtag  DW_TAG_typedef
     302                            .dwattr $C$DW$T$33, DW_AT_name("int16")
     303                            .dwattr $C$DW$T$33, DW_AT_type(*$C$DW$T$8)
     304                            .dwattr $C$DW$T$33, DW_AT_language(DW_LANG_C)
     305                            .dwattr $C$DW$T$33, DW_AT_decl_file("C:\ti\simplelink_cc13x0_sdk_1_50_00_08\source\ti\ti154sta
     306                            .dwattr $C$DW$T$33, DW_AT_decl_line(0x3b)
     307                            .dwattr $C$DW$T$33, DW_AT_decl_column(0x19)
     308                    
     309                    $C$DW$T$34      .dwtag  DW_TAG_typedef
     310                            .dwattr $C$DW$T$34, DW_AT_name("int16_t")
     311                            .dwattr $C$DW$T$34, DW_AT_type(*$C$DW$T$8)
     312                            .dwattr $C$DW$T$34, DW_AT_language(DW_LANG_C)
     313                            .dwattr $C$DW$T$34, DW_AT_decl_file("C:/ti/ccsv7/tools/compiler/ti-cgt-arm_16.9.4.LTS/include/
     314                            .dwattr $C$DW$T$34, DW_AT_decl_line(0x2c)
     315                            .dwattr $C$DW$T$34, DW_AT_decl_column(0x1d)
     316                    
     317                    $C$DW$T$35      .dwtag  DW_TAG_typedef
     318                            .dwattr $C$DW$T$35, DW_AT_name("int_least16_t")
     319                            .dwattr $C$DW$T$35, DW_AT_type(*$C$DW$T$34)
     320                            .dwattr $C$DW$T$35, DW_AT_language(DW_LANG_C)
     321                            .dwattr $C$DW$T$35, DW_AT_decl_file("C:/ti/ccsv7/tools/compiler/ti-cgt-arm_16.9.4.LTS/include/
     322                            .dwattr $C$DW$T$35, DW_AT_decl_line(0x3a)
     323                            .dwattr $C$DW$T$35, DW_AT_decl_column(0x17)
     324                    
     325                    $C$DW$T$9       .dwtag  DW_TAG_base_type
     326                            .dwattr $C$DW$T$9, DW_AT_encoding(DW_ATE_unsigned)
     327                            .dwattr $C$DW$T$9, DW_AT_name("unsigned short")
     328                            .dwattr $C$DW$T$9, DW_AT_byte_size(0x02)
     329                    
     330                    $C$DW$T$36      .dwtag  DW_TAG_typedef
TI ARM Assembler PC v16.9.4 Sat Nov 18 18:46:20 2017

Tools Copyright (c) 1996-2017 Texas Instruments Incorporated
C:\Users\Kevin\AppData\Local\Temp\{63F35C7A-D48D-4DC7-A9DA-5DC1F9F797CB} PAGE    7

     331                            .dwattr $C$DW$T$36, DW_AT_name("uint16")
     332                            .dwattr $C$DW$T$36, DW_AT_type(*$C$DW$T$9)
     333                            .dwattr $C$DW$T$36, DW_AT_language(DW_LANG_C)
     334                            .dwattr $C$DW$T$36, DW_AT_decl_file("C:\ti\simplelink_cc13x0_sdk_1_50_00_08\source\ti\ti154sta
     335                            .dwattr $C$DW$T$36, DW_AT_decl_line(0x3c)
     336                            .dwattr $C$DW$T$36, DW_AT_decl_column(0x19)
     337                    
     338                    $C$DW$T$37      .dwtag  DW_TAG_typedef
     339                            .dwattr $C$DW$T$37, DW_AT_name("uint16_t")
     340                            .dwattr $C$DW$T$37, DW_AT_type(*$C$DW$T$9)
     341                            .dwattr $C$DW$T$37, DW_AT_language(DW_LANG_C)
     342                            .dwattr $C$DW$T$37, DW_AT_decl_file("C:/ti/ccsv7/tools/compiler/ti-cgt-arm_16.9.4.LTS/include/
     343                            .dwattr $C$DW$T$37, DW_AT_decl_line(0x2d)
     344                            .dwattr $C$DW$T$37, DW_AT_decl_column(0x1c)
     345                    
     346                    $C$DW$T$38      .dwtag  DW_TAG_typedef
     347                            .dwattr $C$DW$T$38, DW_AT_name("uint_least16_t")
     348                            .dwattr $C$DW$T$38, DW_AT_type(*$C$DW$T$37)
     349                            .dwattr $C$DW$T$38, DW_AT_language(DW_LANG_C)
     350                            .dwattr $C$DW$T$38, DW_AT_decl_file("C:/ti/ccsv7/tools/compiler/ti-cgt-arm_16.9.4.LTS/include/
     351                            .dwattr $C$DW$T$38, DW_AT_decl_line(0x3b)
     352                            .dwattr $C$DW$T$38, DW_AT_decl_column(0x16)
     353                    
     354                    $C$DW$T$10      .dwtag  DW_TAG_base_type
     355                            .dwattr $C$DW$T$10, DW_AT_encoding(DW_ATE_signed)
     356                            .dwattr $C$DW$T$10, DW_AT_name("int")
     357                            .dwattr $C$DW$T$10, DW_AT_byte_size(0x04)
     358                    
     359                    $C$DW$T$39      .dwtag  DW_TAG_typedef
     360                            .dwattr $C$DW$T$39, DW_AT_name("int32_t")
     361                            .dwattr $C$DW$T$39, DW_AT_type(*$C$DW$T$10)
     362                            .dwattr $C$DW$T$39, DW_AT_language(DW_LANG_C)
     363                            .dwattr $C$DW$T$39, DW_AT_decl_file("C:/ti/ccsv7/tools/compiler/ti-cgt-arm_16.9.4.LTS/include/
     364                            .dwattr $C$DW$T$39, DW_AT_decl_line(0x2e)
     365                            .dwattr $C$DW$T$39, DW_AT_decl_column(0x1d)
     366                    
     367                    $C$DW$T$40      .dwtag  DW_TAG_typedef
     368                            .dwattr $C$DW$T$40, DW_AT_name("int_fast16_t")
     369                            .dwattr $C$DW$T$40, DW_AT_type(*$C$DW$T$39)
     370                            .dwattr $C$DW$T$40, DW_AT_language(DW_LANG_C)
     371                            .dwattr $C$DW$T$40, DW_AT_decl_file("C:/ti/ccsv7/tools/compiler/ti-cgt-arm_16.9.4.LTS/include/
     372                            .dwattr $C$DW$T$40, DW_AT_decl_line(0x47)
     373                            .dwattr $C$DW$T$40, DW_AT_decl_column(0x17)
     374                    
     375                    $C$DW$T$41      .dwtag  DW_TAG_typedef
     376                            .dwattr $C$DW$T$41, DW_AT_name("int_fast32_t")
     377                            .dwattr $C$DW$T$41, DW_AT_type(*$C$DW$T$39)
     378                            .dwattr $C$DW$T$41, DW_AT_language(DW_LANG_C)
     379                            .dwattr $C$DW$T$41, DW_AT_decl_file("C:/ti/ccsv7/tools/compiler/ti-cgt-arm_16.9.4.LTS/include/
     380                            .dwattr $C$DW$T$41, DW_AT_decl_line(0x4a)
     381                            .dwattr $C$DW$T$41, DW_AT_decl_column(0x17)
     382                    
     383                    $C$DW$T$42      .dwtag  DW_TAG_typedef
     384                            .dwattr $C$DW$T$42, DW_AT_name("int_fast8_t")
     385                            .dwattr $C$DW$T$42, DW_AT_type(*$C$DW$T$39)
TI ARM Assembler PC v16.9.4 Sat Nov 18 18:46:20 2017

Tools Copyright (c) 1996-2017 Texas Instruments Incorporated
C:\Users\Kevin\AppData\Local\Temp\{63F35C7A-D48D-4DC7-A9DA-5DC1F9F797CB} PAGE    8

     386                            .dwattr $C$DW$T$42, DW_AT_language(DW_LANG_C)
     387                            .dwattr $C$DW$T$42, DW_AT_decl_file("C:/ti/ccsv7/tools/compiler/ti-cgt-arm_16.9.4.LTS/include/
     388                            .dwattr $C$DW$T$42, DW_AT_decl_line(0x45)
     389                            .dwattr $C$DW$T$42, DW_AT_decl_column(0x17)
     390                    
     391                    $C$DW$T$43      .dwtag  DW_TAG_typedef
     392                            .dwattr $C$DW$T$43, DW_AT_name("int_least32_t")
     393                            .dwattr $C$DW$T$43, DW_AT_type(*$C$DW$T$39)
     394                            .dwattr $C$DW$T$43, DW_AT_language(DW_LANG_C)
     395                            .dwattr $C$DW$T$43, DW_AT_decl_file("C:/ti/ccsv7/tools/compiler/ti-cgt-arm_16.9.4.LTS/include/
     396                            .dwattr $C$DW$T$43, DW_AT_decl_line(0x3c)
     397                            .dwattr $C$DW$T$43, DW_AT_decl_column(0x17)
     398                    
     399                    $C$DW$T$44      .dwtag  DW_TAG_typedef
     400                            .dwattr $C$DW$T$44, DW_AT_name("intptr_t")
     401                            .dwattr $C$DW$T$44, DW_AT_type(*$C$DW$T$10)
     402                            .dwattr $C$DW$T$44, DW_AT_language(DW_LANG_C)
     403                            .dwattr $C$DW$T$44, DW_AT_decl_file("C:/ti/ccsv7/tools/compiler/ti-cgt-arm_16.9.4.LTS/include/
     404                            .dwattr $C$DW$T$44, DW_AT_decl_line(0x52)
     405                            .dwattr $C$DW$T$44, DW_AT_decl_column(0x1a)
     406                    
     407                    $C$DW$T$11      .dwtag  DW_TAG_base_type
     408                            .dwattr $C$DW$T$11, DW_AT_encoding(DW_ATE_unsigned)
     409                            .dwattr $C$DW$T$11, DW_AT_name("unsigned int")
     410                            .dwattr $C$DW$T$11, DW_AT_byte_size(0x04)
     411                    
     412                    $C$DW$T$45      .dwtag  DW_TAG_typedef
     413                            .dwattr $C$DW$T$45, DW_AT_name("uint32_t")
     414                            .dwattr $C$DW$T$45, DW_AT_type(*$C$DW$T$11)
     415                            .dwattr $C$DW$T$45, DW_AT_language(DW_LANG_C)
     416                            .dwattr $C$DW$T$45, DW_AT_decl_file("C:/ti/ccsv7/tools/compiler/ti-cgt-arm_16.9.4.LTS/include/
     417                            .dwattr $C$DW$T$45, DW_AT_decl_line(0x2f)
     418                            .dwattr $C$DW$T$45, DW_AT_decl_column(0x1c)
     419                    
     420                    $C$DW$T$46      .dwtag  DW_TAG_typedef
     421                            .dwattr $C$DW$T$46, DW_AT_name("uint_fast16_t")
     422                            .dwattr $C$DW$T$46, DW_AT_type(*$C$DW$T$45)
     423                            .dwattr $C$DW$T$46, DW_AT_language(DW_LANG_C)
     424                            .dwattr $C$DW$T$46, DW_AT_decl_file("C:/ti/ccsv7/tools/compiler/ti-cgt-arm_16.9.4.LTS/include/
     425                            .dwattr $C$DW$T$46, DW_AT_decl_line(0x48)
     426                            .dwattr $C$DW$T$46, DW_AT_decl_column(0x16)
     427                    
     428                    $C$DW$T$47      .dwtag  DW_TAG_typedef
     429                            .dwattr $C$DW$T$47, DW_AT_name("uint_fast32_t")
     430                            .dwattr $C$DW$T$47, DW_AT_type(*$C$DW$T$45)
     431                            .dwattr $C$DW$T$47, DW_AT_language(DW_LANG_C)
     432                            .dwattr $C$DW$T$47, DW_AT_decl_file("C:/ti/ccsv7/tools/compiler/ti-cgt-arm_16.9.4.LTS/include/
     433                            .dwattr $C$DW$T$47, DW_AT_decl_line(0x4b)
     434                            .dwattr $C$DW$T$47, DW_AT_decl_column(0x16)
     435                    
     436                    $C$DW$T$48      .dwtag  DW_TAG_typedef
     437                            .dwattr $C$DW$T$48, DW_AT_name("uint_fast8_t")
     438                            .dwattr $C$DW$T$48, DW_AT_type(*$C$DW$T$45)
     439                            .dwattr $C$DW$T$48, DW_AT_language(DW_LANG_C)
     440                            .dwattr $C$DW$T$48, DW_AT_decl_file("C:/ti/ccsv7/tools/compiler/ti-cgt-arm_16.9.4.LTS/include/
TI ARM Assembler PC v16.9.4 Sat Nov 18 18:46:20 2017

Tools Copyright (c) 1996-2017 Texas Instruments Incorporated
C:\Users\Kevin\AppData\Local\Temp\{63F35C7A-D48D-4DC7-A9DA-5DC1F9F797CB} PAGE    9

     441                            .dwattr $C$DW$T$48, DW_AT_decl_line(0x46)
     442                            .dwattr $C$DW$T$48, DW_AT_decl_column(0x16)
     443                    
     444                    $C$DW$T$49      .dwtag  DW_TAG_typedef
     445                            .dwattr $C$DW$T$49, DW_AT_name("uint_least32_t")
     446                            .dwattr $C$DW$T$49, DW_AT_type(*$C$DW$T$45)
     447                            .dwattr $C$DW$T$49, DW_AT_language(DW_LANG_C)
     448                            .dwattr $C$DW$T$49, DW_AT_decl_file("C:/ti/ccsv7/tools/compiler/ti-cgt-arm_16.9.4.LTS/include/
     449                            .dwattr $C$DW$T$49, DW_AT_decl_line(0x3d)
     450                            .dwattr $C$DW$T$49, DW_AT_decl_column(0x16)
     451                    
     452                    $C$DW$T$50      .dwtag  DW_TAG_typedef
     453                            .dwattr $C$DW$T$50, DW_AT_name("uintptr_t")
     454                            .dwattr $C$DW$T$50, DW_AT_type(*$C$DW$T$11)
     455                            .dwattr $C$DW$T$50, DW_AT_language(DW_LANG_C)
     456                            .dwattr $C$DW$T$50, DW_AT_decl_file("C:/ti/ccsv7/tools/compiler/ti-cgt-arm_16.9.4.LTS/include/
     457                            .dwattr $C$DW$T$50, DW_AT_decl_line(0x53)
     458                            .dwattr $C$DW$T$50, DW_AT_decl_column(0x1a)
     459                    
     460                    $C$DW$T$12      .dwtag  DW_TAG_base_type
     461                            .dwattr $C$DW$T$12, DW_AT_encoding(DW_ATE_signed)
     462                            .dwattr $C$DW$T$12, DW_AT_name("long")
     463                            .dwattr $C$DW$T$12, DW_AT_byte_size(0x04)
     464                    
     465                    $C$DW$T$51      .dwtag  DW_TAG_typedef
     466                            .dwattr $C$DW$T$51, DW_AT_name("int32")
     467                            .dwattr $C$DW$T$51, DW_AT_type(*$C$DW$T$12)
     468                            .dwattr $C$DW$T$51, DW_AT_language(DW_LANG_C)
     469                            .dwattr $C$DW$T$51, DW_AT_decl_file("C:\ti\simplelink_cc13x0_sdk_1_50_00_08\source\ti\ti154sta
     470                            .dwattr $C$DW$T$51, DW_AT_decl_line(0x3e)
     471                            .dwattr $C$DW$T$51, DW_AT_decl_column(0x19)
     472                    
     473                    $C$DW$T$13      .dwtag  DW_TAG_base_type
     474                            .dwattr $C$DW$T$13, DW_AT_encoding(DW_ATE_unsigned)
     475                            .dwattr $C$DW$T$13, DW_AT_name("unsigned long")
     476                            .dwattr $C$DW$T$13, DW_AT_byte_size(0x04)
     477                    
     478                    $C$DW$T$52      .dwtag  DW_TAG_typedef
     479                            .dwattr $C$DW$T$52, DW_AT_name("uint32")
     480                            .dwattr $C$DW$T$52, DW_AT_type(*$C$DW$T$13)
     481                            .dwattr $C$DW$T$52, DW_AT_language(DW_LANG_C)
     482                            .dwattr $C$DW$T$52, DW_AT_decl_file("C:\ti\simplelink_cc13x0_sdk_1_50_00_08\source\ti\ti154sta
     483                            .dwattr $C$DW$T$52, DW_AT_decl_line(0x3f)
     484                            .dwattr $C$DW$T$52, DW_AT_decl_column(0x19)
     485                    
     486                    $C$DW$T$53      .dwtag  DW_TAG_typedef
     487                            .dwattr $C$DW$T$53, DW_AT_name("halDataAlign_t")
     488                            .dwattr $C$DW$T$53, DW_AT_type(*$C$DW$T$52)
     489                            .dwattr $C$DW$T$53, DW_AT_language(DW_LANG_C)
     490                            .dwattr $C$DW$T$53, DW_AT_decl_file("C:\ti\simplelink_cc13x0_sdk_1_50_00_08\source\ti\ti154sta
     491                            .dwattr $C$DW$T$53, DW_AT_decl_line(0x43)
     492                            .dwattr $C$DW$T$53, DW_AT_decl_column(0x19)
     493                    
     494                    $C$DW$T$14      .dwtag  DW_TAG_base_type
     495                            .dwattr $C$DW$T$14, DW_AT_encoding(DW_ATE_signed)
TI ARM Assembler PC v16.9.4 Sat Nov 18 18:46:20 2017

Tools Copyright (c) 1996-2017 Texas Instruments Incorporated
C:\Users\Kevin\AppData\Local\Temp\{63F35C7A-D48D-4DC7-A9DA-5DC1F9F797CB} PAGE   10

     496                            .dwattr $C$DW$T$14, DW_AT_name("long long")
     497                            .dwattr $C$DW$T$14, DW_AT_byte_size(0x08)
     498                    
     499                    $C$DW$T$54      .dwtag  DW_TAG_typedef
     500                            .dwattr $C$DW$T$54, DW_AT_name("int64_t")
     501                            .dwattr $C$DW$T$54, DW_AT_type(*$C$DW$T$14)
     502                            .dwattr $C$DW$T$54, DW_AT_language(DW_LANG_C)
     503                            .dwattr $C$DW$T$54, DW_AT_decl_file("C:/ti/ccsv7/tools/compiler/ti-cgt-arm_16.9.4.LTS/include/
     504                            .dwattr $C$DW$T$54, DW_AT_decl_line(0x32)
     505                            .dwattr $C$DW$T$54, DW_AT_decl_column(0x21)
     506                    
     507                    $C$DW$T$55      .dwtag  DW_TAG_typedef
     508                            .dwattr $C$DW$T$55, DW_AT_name("int_fast64_t")
     509                            .dwattr $C$DW$T$55, DW_AT_type(*$C$DW$T$54)
     510                            .dwattr $C$DW$T$55, DW_AT_language(DW_LANG_C)
     511                            .dwattr $C$DW$T$55, DW_AT_decl_file("C:/ti/ccsv7/tools/compiler/ti-cgt-arm_16.9.4.LTS/include/
     512                            .dwattr $C$DW$T$55, DW_AT_decl_line(0x4e)
     513                            .dwattr $C$DW$T$55, DW_AT_decl_column(0x17)
     514                    
     515                    $C$DW$T$56      .dwtag  DW_TAG_typedef
     516                            .dwattr $C$DW$T$56, DW_AT_name("int_least64_t")
     517                            .dwattr $C$DW$T$56, DW_AT_type(*$C$DW$T$54)
     518                            .dwattr $C$DW$T$56, DW_AT_language(DW_LANG_C)
     519                            .dwattr $C$DW$T$56, DW_AT_decl_file("C:/ti/ccsv7/tools/compiler/ti-cgt-arm_16.9.4.LTS/include/
     520                            .dwattr $C$DW$T$56, DW_AT_decl_line(0x40)
     521                            .dwattr $C$DW$T$56, DW_AT_decl_column(0x17)
     522                    
     523                    $C$DW$T$57      .dwtag  DW_TAG_typedef
     524                            .dwattr $C$DW$T$57, DW_AT_name("intmax_t")
     525                            .dwattr $C$DW$T$57, DW_AT_type(*$C$DW$T$14)
     526                            .dwattr $C$DW$T$57, DW_AT_language(DW_LANG_C)
     527                            .dwattr $C$DW$T$57, DW_AT_decl_file("C:/ti/ccsv7/tools/compiler/ti-cgt-arm_16.9.4.LTS/include/
     528                            .dwattr $C$DW$T$57, DW_AT_decl_line(0x56)
     529                            .dwattr $C$DW$T$57, DW_AT_decl_column(0x20)
     530                    
     531                    $C$DW$T$15      .dwtag  DW_TAG_base_type
     532                            .dwattr $C$DW$T$15, DW_AT_encoding(DW_ATE_unsigned)
     533                            .dwattr $C$DW$T$15, DW_AT_name("unsigned long long")
     534                            .dwattr $C$DW$T$15, DW_AT_byte_size(0x08)
     535                    
     536                    $C$DW$T$58      .dwtag  DW_TAG_typedef
     537                            .dwattr $C$DW$T$58, DW_AT_name("uint64_t")
     538                            .dwattr $C$DW$T$58, DW_AT_type(*$C$DW$T$15)
     539                            .dwattr $C$DW$T$58, DW_AT_language(DW_LANG_C)
     540                            .dwattr $C$DW$T$58, DW_AT_decl_file("C:/ti/ccsv7/tools/compiler/ti-cgt-arm_16.9.4.LTS/include/
     541                            .dwattr $C$DW$T$58, DW_AT_decl_line(0x33)
     542                            .dwattr $C$DW$T$58, DW_AT_decl_column(0x20)
     543                    
     544                    $C$DW$T$59      .dwtag  DW_TAG_typedef
     545                            .dwattr $C$DW$T$59, DW_AT_name("uint_fast64_t")
     546                            .dwattr $C$DW$T$59, DW_AT_type(*$C$DW$T$58)
     547                            .dwattr $C$DW$T$59, DW_AT_language(DW_LANG_C)
     548                            .dwattr $C$DW$T$59, DW_AT_decl_file("C:/ti/ccsv7/tools/compiler/ti-cgt-arm_16.9.4.LTS/include/
     549                            .dwattr $C$DW$T$59, DW_AT_decl_line(0x4f)
     550                            .dwattr $C$DW$T$59, DW_AT_decl_column(0x16)
TI ARM Assembler PC v16.9.4 Sat Nov 18 18:46:20 2017

Tools Copyright (c) 1996-2017 Texas Instruments Incorporated
C:\Users\Kevin\AppData\Local\Temp\{63F35C7A-D48D-4DC7-A9DA-5DC1F9F797CB} PAGE   11

     551                    
     552                    $C$DW$T$60      .dwtag  DW_TAG_typedef
     553                            .dwattr $C$DW$T$60, DW_AT_name("uint_least64_t")
     554                            .dwattr $C$DW$T$60, DW_AT_type(*$C$DW$T$58)
     555                            .dwattr $C$DW$T$60, DW_AT_language(DW_LANG_C)
     556                            .dwattr $C$DW$T$60, DW_AT_decl_file("C:/ti/ccsv7/tools/compiler/ti-cgt-arm_16.9.4.LTS/include/
     557                            .dwattr $C$DW$T$60, DW_AT_decl_line(0x41)
     558                            .dwattr $C$DW$T$60, DW_AT_decl_column(0x16)
     559                    
     560                    $C$DW$T$61      .dwtag  DW_TAG_typedef
     561                            .dwattr $C$DW$T$61, DW_AT_name("uintmax_t")
     562                            .dwattr $C$DW$T$61, DW_AT_type(*$C$DW$T$15)
     563                            .dwattr $C$DW$T$61, DW_AT_language(DW_LANG_C)
     564                            .dwattr $C$DW$T$61, DW_AT_decl_file("C:/ti/ccsv7/tools/compiler/ti-cgt-arm_16.9.4.LTS/include/
     565                            .dwattr $C$DW$T$61, DW_AT_decl_line(0x57)
     566                            .dwattr $C$DW$T$61, DW_AT_decl_column(0x20)
     567                    
     568                    $C$DW$T$16      .dwtag  DW_TAG_base_type
     569                            .dwattr $C$DW$T$16, DW_AT_encoding(DW_ATE_float)
     570                            .dwattr $C$DW$T$16, DW_AT_name("float")
     571                            .dwattr $C$DW$T$16, DW_AT_byte_size(0x04)
     572                    
     573                    $C$DW$T$17      .dwtag  DW_TAG_base_type
     574                            .dwattr $C$DW$T$17, DW_AT_encoding(DW_ATE_float)
     575                            .dwattr $C$DW$T$17, DW_AT_name("double")
     576                            .dwattr $C$DW$T$17, DW_AT_byte_size(0x08)
     577                    
     578                    $C$DW$T$18      .dwtag  DW_TAG_base_type
     579                            .dwattr $C$DW$T$18, DW_AT_encoding(DW_ATE_float)
     580                            .dwattr $C$DW$T$18, DW_AT_name("long double")
     581                            .dwattr $C$DW$T$18, DW_AT_byte_size(0x08)
     582                    
     583                    
     584                    $C$DW$T$22      .dwtag  DW_TAG_structure_type
     585                            .dwattr $C$DW$T$22, DW_AT_name("appasrtintf_assrthndlerfunc_t")
     586                            .dwattr $C$DW$T$22, DW_AT_byte_size(0x04)
     587                    $C$DW$10        .dwtag  DW_TAG_member
     588                            .dwattr $C$DW$10, DW_AT_type(*$C$DW$T$21)
     589                            .dwattr $C$DW$10, DW_AT_name("callAssrtHndler")
     590                            .dwattr $C$DW$10, DW_AT_TI_symbol_name("callAssrtHndler")
     591                            .dwattr $C$DW$10, DW_AT_data_member_location[DW_OP_plus_uconst 0x0]
     592                            .dwattr $C$DW$10, DW_AT_accessibility(DW_ACCESS_public)
     593                            .dwattr $C$DW$10, DW_AT_decl_file("C:/ti/simplelink_cc13x0_sdk_1_50_00_08/source/ti/ti154stack
     594                            .dwattr $C$DW$10, DW_AT_decl_line(0x49)
     595                            .dwattr $C$DW$10, DW_AT_decl_column(0x21)
     596                    
     597                            .dwattr $C$DW$T$22, DW_AT_decl_file("C:/ti/simplelink_cc13x0_sdk_1_50_00_08/source/ti/ti154sta
     598                            .dwattr $C$DW$T$22, DW_AT_decl_line(0x46)
     599                            .dwattr $C$DW$T$22, DW_AT_decl_column(0x10)
     600                            .dwendtag $C$DW$T$22
     601                    
     602                    $C$DW$T$26      .dwtag  DW_TAG_typedef
     603                            .dwattr $C$DW$T$26, DW_AT_name("APPASRTINTF_assrtHndlerFunc_t")
     604                            .dwattr $C$DW$T$26, DW_AT_type(*$C$DW$T$22)
     605                            .dwattr $C$DW$T$26, DW_AT_language(DW_LANG_C)
TI ARM Assembler PC v16.9.4 Sat Nov 18 18:46:20 2017

Tools Copyright (c) 1996-2017 Texas Instruments Incorporated
C:\Users\Kevin\AppData\Local\Temp\{63F35C7A-D48D-4DC7-A9DA-5DC1F9F797CB} PAGE   12

     606                            .dwattr $C$DW$T$26, DW_AT_decl_file("C:/ti/simplelink_cc13x0_sdk_1_50_00_08/source/ti/ti154sta
     607                            .dwattr $C$DW$T$26, DW_AT_decl_line(0x4a)
     608                            .dwattr $C$DW$T$26, DW_AT_decl_column(0x03)
     609                    
     610                    $C$DW$T$27      .dwtag  DW_TAG_pointer_type
     611                            .dwattr $C$DW$T$27, DW_AT_type(*$C$DW$T$26)
     612                            .dwattr $C$DW$T$27, DW_AT_address_class(0x20)
     613                    
     614                    $C$DW$T$62      .dwtag  DW_TAG_const_type
     615                            .dwattr $C$DW$T$62, DW_AT_type(*$C$DW$T$27)
     616                    
     617                            .dwattr $C$DW$CU, DW_AT_language(DW_LANG_C)
     618                    
     619                    ;***************************************************************
     620                    ;* DWARF CIE ENTRIES                                           *
     621                    ;***************************************************************
     622                    
     623                    $C$DW$CIE       .dwcie 14
     624                            .dwcfi  cfa_register, 13
     625                            .dwcfi  cfa_offset, 0
     626                            .dwcfi  same_value, 4
     627                            .dwcfi  same_value, 5
     628                            .dwcfi  same_value, 6
     629                            .dwcfi  same_value, 7
     630                            .dwcfi  same_value, 8
     631                            .dwcfi  same_value, 9
     632                            .dwcfi  same_value, 10
     633                            .dwcfi  same_value, 11
     634                            .dwendentry
     635                    
     636                    ;***************************************************************
     637                    ;* DWARF REGISTER MAP                                          *
     638                    ;***************************************************************
     639                    
     640                    $C$DW$11        .dwtag  DW_TAG_TI_assign_register
     641                            .dwattr $C$DW$11, DW_AT_name("A1")
     642                            .dwattr $C$DW$11, DW_AT_location[DW_OP_reg0]
     643                    
     644                    $C$DW$12        .dwtag  DW_TAG_TI_assign_register
     645                            .dwattr $C$DW$12, DW_AT_name("A2")
     646                            .dwattr $C$DW$12, DW_AT_location[DW_OP_reg1]
     647                    
     648                    $C$DW$13        .dwtag  DW_TAG_TI_assign_register
     649                            .dwattr $C$DW$13, DW_AT_name("A3")
     650                            .dwattr $C$DW$13, DW_AT_location[DW_OP_reg2]
     651                    
     652                    $C$DW$14        .dwtag  DW_TAG_TI_assign_register
     653                            .dwattr $C$DW$14, DW_AT_name("A4")
     654                            .dwattr $C$DW$14, DW_AT_location[DW_OP_reg3]
     655                    
     656                    $C$DW$15        .dwtag  DW_TAG_TI_assign_register
     657                            .dwattr $C$DW$15, DW_AT_name("V1")
     658                            .dwattr $C$DW$15, DW_AT_location[DW_OP_reg4]
     659                    
     660                    $C$DW$16        .dwtag  DW_TAG_TI_assign_register
TI ARM Assembler PC v16.9.4 Sat Nov 18 18:46:20 2017

Tools Copyright (c) 1996-2017 Texas Instruments Incorporated
C:\Users\Kevin\AppData\Local\Temp\{63F35C7A-D48D-4DC7-A9DA-5DC1F9F797CB} PAGE   13

     661                            .dwattr $C$DW$16, DW_AT_name("V2")
     662                            .dwattr $C$DW$16, DW_AT_location[DW_OP_reg5]
     663                    
     664                    $C$DW$17        .dwtag  DW_TAG_TI_assign_register
     665                            .dwattr $C$DW$17, DW_AT_name("V3")
     666                            .dwattr $C$DW$17, DW_AT_location[DW_OP_reg6]
     667                    
     668                    $C$DW$18        .dwtag  DW_TAG_TI_assign_register
     669                            .dwattr $C$DW$18, DW_AT_name("V4")
     670                            .dwattr $C$DW$18, DW_AT_location[DW_OP_reg7]
     671                    
     672                    $C$DW$19        .dwtag  DW_TAG_TI_assign_register
     673                            .dwattr $C$DW$19, DW_AT_name("V5")
     674                            .dwattr $C$DW$19, DW_AT_location[DW_OP_reg8]
     675                    
     676                    $C$DW$20        .dwtag  DW_TAG_TI_assign_register
     677                            .dwattr $C$DW$20, DW_AT_name("V6")
     678                            .dwattr $C$DW$20, DW_AT_location[DW_OP_reg9]
     679                    
     680                    $C$DW$21        .dwtag  DW_TAG_TI_assign_register
     681                            .dwattr $C$DW$21, DW_AT_name("V7")
     682                            .dwattr $C$DW$21, DW_AT_location[DW_OP_reg10]
     683                    
     684                    $C$DW$22        .dwtag  DW_TAG_TI_assign_register
     685                            .dwattr $C$DW$22, DW_AT_name("V8")
     686                            .dwattr $C$DW$22, DW_AT_location[DW_OP_reg11]
     687                    
     688                    $C$DW$23        .dwtag  DW_TAG_TI_assign_register
     689                            .dwattr $C$DW$23, DW_AT_name("V9")
     690                            .dwattr $C$DW$23, DW_AT_location[DW_OP_reg12]
     691                    
     692                    $C$DW$24        .dwtag  DW_TAG_TI_assign_register
     693                            .dwattr $C$DW$24, DW_AT_name("SP")
     694                            .dwattr $C$DW$24, DW_AT_location[DW_OP_reg13]
     695                    
     696                    $C$DW$25        .dwtag  DW_TAG_TI_assign_register
     697                            .dwattr $C$DW$25, DW_AT_name("LR")
     698                            .dwattr $C$DW$25, DW_AT_location[DW_OP_reg14]
     699                    
     700                    $C$DW$26        .dwtag  DW_TAG_TI_assign_register
     701                            .dwattr $C$DW$26, DW_AT_name("PC")
     702                            .dwattr $C$DW$26, DW_AT_location[DW_OP_reg15]
     703                    
     704                    $C$DW$27        .dwtag  DW_TAG_TI_assign_register
     705                            .dwattr $C$DW$27, DW_AT_name("SR")
     706                            .dwattr $C$DW$27, DW_AT_location[DW_OP_reg17]
     707                    
     708                    $C$DW$28        .dwtag  DW_TAG_TI_assign_register
     709                            .dwattr $C$DW$28, DW_AT_name("AP")
     710                            .dwattr $C$DW$28, DW_AT_location[DW_OP_reg7]
     711                    
     712                            .dwendtag $C$DW$CU
     713                    

No Assembly Errors, No Assembly Warnings
